2025-11-13 01:23:22, MOVE, v:1, k:poo@array, mode:PICK
2025-11-13 01:23:23, EXEC, v:1, k:poo@array, mode:LOCK, rate:0
2025-11-13 01:23:24, EXEC, v:1, k:poo@array, mode:LOCK, rate:0
2025-11-13 01:23:32, EXEC, v:1, k:poo@array, mode:LOCK, rate:0
2025-11-13 01:23:39, EXEC, v:1, k:poo@array, mode:LOCK, rate:0, size:11
2025-11-13 01:23:40, EXEC, v:1, k:poo@array, mode:LOCK, rate:0
2025-11-13 01:23:40, EXEC, v:1, k:poo@array, mode:LOCK, rate:0
2025-11-13 01:23:55, EXEC, v:1, k:poo@array, mode:LOCK, rate:0, size:12
2025-11-13 01:23:56, EXEC, v:1, k:poo@array, mode:LOCK, rate:0
2025-11-13 01:24:07, EXEC, v:1, k:poo@array, mode:LOCK, rate:0
2025-11-13 01:24:08, EXEC, v:1, k:poo@array, mode:LOCK, rate:0
2025-11-13 01:24:09, MOVE, v:1, k:poo@array, mode:BACK
2025-11-13 01:36:29, MOVE, v:1, k:poo@array, mode:PICK
2025-11-13 01:36:30, EXEC, v:1, k:poo@array, mode:LOCK, rate:0, size:13
2025-11-13 01:36:31, EXEC, v:1, k:poo@array, mode:LOCK, rate:0
2025-11-13 01:36:31, EXEC, v:1, k:poo@array, mode:LOCK, rate:0
2025-11-13 01:36:44, EXEC, v:1, k:poo@array, mode:LOCK, rate:0, size:13
2025-11-13 01:36:51, EXEC, v:1, k:poo@array, mode:LOCK, rate:0, size:13
2025-11-13 01:38:05, EXEC, v:1, k:poo@array, mode:LOCK, rate:0, size:13
2025-11-13 01:38:15, EXEC, v:1, k:poo@array, mode:LOCK, rate:0, size:13
2025-11-13 01:38:24, EXEC, v:1, k:poo@array, mode:LOCK, rate:0, size:13
2025-11-13 01:38:34, EXEC, v:1, k:poo@array, mode:LOCK, rate:0, size:13
2025-11-13 01:38:35, EXEC, v:1, k:poo@array, mode:LOCK, rate:0
2025-11-13 01:38:37, EXEC, v:1, k:poo@array, mode:LOCK, rate:0
2025-11-13 01:38:43, EXEC, v:1, k:poo@array, mode:LOCK, rate:0
2025-11-13 01:38:52, EXEC, v:1, k:poo@array, mode:LOCK, rate:0, size:14
2025-11-13 01:38:53, EXEC, v:1, k:poo@array, mode:LOCK, rate:0
2025-11-13 01:42:58, EXEC, v:1, k:poo@array, mode:LOCK, rate:0, size:18
2025-11-13 01:42:59, EXEC, v:1, k:poo@array, mode:LOCK, rate:0
2025-11-13 01:43:11, EXEC, v:1, k:poo@array, mode:LOCK, rate:0, size:18
2025-11-13 01:43:13, EXEC, v:1, k:poo@array, mode:LOCK, rate:0
2025-11-13 01:43:19, EXEC, v:1, k:poo@array, mode:LOCK, rate:0, size:18
2025-11-13 01:43:20, EXEC, v:1, k:poo@array, mode:LOCK, rate:0
2025-11-13 01:43:26, MOVE, v:1, k:poo@array, mode:BACK
2025-11-13 01:43:29, MOVE, v:1, k:poo@array, mode:PICK
2025-11-13 01:43:30, EXEC, v:1, k:poo@array, mode:LOCK, rate:0
2025-11-13 01:43:39, EXEC, v:1, k:poo@array, mode:LOCK, rate:0, size:18
2025-11-13 01:43:40, EXEC, v:1, k:poo@array, mode:LOCK, rate:0
2025-11-13 01:44:02, EXEC, v:1, k:poo@array, mode:LOCK, rate:0, size:18
2025-11-13 01:44:03, EXEC, v:1, k:poo@array, mode:LOCK, rate:0
2025-11-13 01:45:20, EXEC, v:1, k:poo@array, mode:LOCK, rate:0
2025-11-13 01:45:20, EXEC, v:1, k:poo@array, mode:LOCK, rate:0
2025-11-13 01:45:22, MOVE, v:1, k:poo@array, mode:BACK
2025-11-13 01:52:38, MOVE, v:1, k:poo@array, mode:PICK
2025-11-13 01:52:39, EXEC, v:1, k:poo@array, mode:LOCK, rate:0
2025-11-13 01:52:39, EXEC, v:1, k:poo@array, mode:LOCK, rate:0
2025-11-13 01:52:41, MOVE, v:1, k:poo@array, mode:BACK
2025-11-13 02:04:08, MOVE, v:1, k:poo@array, mode:PICK
2025-11-13 02:04:09, EXEC, v:1, k:poo@array, mode:LOCK, rate:0
2025-11-13 02:04:21, MOVE, v:1, k:poo@array, mode:BACK
2025-11-13 02:04:48, MOVE, v:1, k:poo@array, mode:PICK
2025-11-13 02:04:49, EXEC, v:1, k:poo@array, mode:LOCK, rate:0
2025-11-13 02:04:49, EXEC, v:1, k:poo@array, mode:LOCK, rate:0
2025-11-13 02:05:50, EXEC, v:1, k:poo@array, mode:LOCK, rate:0, size:19
2025-11-13 02:05:50, EXEC, v:1, k:poo@array, mode:LOCK, rate:0, size:19
2025-11-13 02:05:58, EXEC, v:1, k:poo@array, mode:LOCK, rate:0, size:20
2025-11-13 02:05:58, EXEC, v:1, k:poo@array, mode:LOCK, rate:0, size:20
2025-11-13 02:06:06, MOVE, v:1, k:poo@array, mode:BACK
2025-11-13 11:54:14, MOVE, v:1, k:poo@array, mode:PICK
2025-11-13 11:54:15, EXEC, v:1, k:poo@array, mode:LOCK, rate:0, size:19
2025-11-13 11:57:46, EXEC, v:1, k:poo@array, mode:LOCK, rate:0, size:21
2025-11-13 12:02:23, EXEC, v:1, k:poo@array, mode:LOCK, rate:0, size:22
2025-11-13 12:02:31, EXEC, v:1, k:poo@array, mode:LOCK, rate:0, size:23
2025-11-13 12:03:53, EXEC, v:1, k:poo@array, mode:LOCK, rate:0, size:25
2025-11-13 12:08:19, EXEC, v:1, k:poo@array, mode:LOCK, rate:0, size:23
2025-11-13 12:14:13, EXEC, v:1, k:poo@array, mode:LOCK, rate:0, size:30
2025-11-13 12:14:15, EXEC, v:1, k:poo@array, mode:LOCK, rate:0
2025-11-13 12:14:21, EXEC, v:1, k:poo@array, mode:LOCK, rate:0, size:32
2025-11-13 12:14:30, EXEC, v:1, k:poo@array, mode:LOCK, rate:0
2025-11-13 12:14:51, EXEC, v:1, k:poo@array, mode:LOCK, rate:0, size:32
2025-11-13 12:18:03, EXEC, v:1, k:poo@array, mode:LOCK, rate:0, size:36
2025-11-13 12:18:07, EXEC, v:1, k:poo@array, mode:LOCK, rate:0
2025-11-13 12:18:41, EXEC, v:1, k:poo@array, mode:LOCK, rate:0
2025-11-13 12:18:49, EXEC, v:1, k:poo@array, mode:LOCK, rate:0
2025-11-13 12:19:46, EXEC, v:1, k:poo@array, mode:LOCK, rate:0, size:35
2025-11-13 12:22:53, EXEC, v:1, k:poo@array, mode:LOCK, rate:0, size:41
2025-11-13 12:23:22, EXEC, v:1, k:poo@array, mode:LOCK, rate:0
2025-11-13 12:23:45, EXEC, v:1, k:poo@array, mode:LOCK, rate:0
2025-11-13 12:27:25, EXEC, v:1, k:poo@array, mode:LOCK, rate:0, size:48
2025-11-13 12:27:38, EXEC, v:1, k:poo@array, mode:LOCK, rate:0
2025-11-13 12:27:57, EXEC, v:1, k:poo@array, mode:LOCK, rate:0
2025-11-13 12:28:09, EXEC, v:1, k:poo@array, mode:LOCK, rate:0
2025-11-13 12:32:57, EXEC, v:1, k:poo@array, mode:LOCK, rate:0, size:60
2025-11-13 12:32:59, EXEC, v:1, k:poo@array, mode:LOCK, rate:0
2025-11-13 12:33:01, EXEC, v:1, k:poo@array, mode:LOCK, rate:0
2025-11-13 12:33:03, EXEC, v:1, k:poo@array, mode:LOCK, rate:0
2025-11-13 12:33:11, EXEC, v:1, k:poo@array, mode:LOCK, rate:0
2025-11-13 12:33:13, EXEC, v:1, k:poo@array, mode:LOCK, rate:0
2025-11-13 12:33:17, EXEC, v:1, k:poo@array, mode:LOCK, rate:0
2025-11-13 12:33:19, EXEC, v:1, k:poo@array, mode:LOCK, rate:0
2025-11-13 12:33:34, EXEC, v:1, k:poo@array, mode:LOCK, rate:0
2025-11-13 12:33:38, EXEC, v:1, k:poo@array, mode:LOCK, rate:0
2025-11-13 12:33:41, MOVE, v:1, k:poo@array, mode:BACK
2025-11-13 12:43:58, MOVE, v:1, k:poo@array, mode:PICK
2025-11-13 12:44:02, EXEC, v:1, k:poo@array, mode:FREE, size:64
2025-11-13 12:45:28, MOVE, v:1, k:poo@array, mode:PICK
2025-11-13 12:45:31, EXEC, v:1, k:poo@array, mode:FREE, size:65
2025-11-13 20:31:26, MOVE, v:1, k:poo@array, mode:PICK
2025-11-13 20:31:27, EXEC, v:1, k:poo@array, mode:LOCK, rate:0, size:71
2025-11-13 20:31:28, EXEC, v:1, k:poo@array, mode:LOCK, rate:0
2025-11-13 20:31:29, EXEC, v:1, k:poo@array, mode:LOCK, rate:0
2025-11-13 20:31:30, EXEC, v:1, k:poo@array, mode:LOCK, rate:0
2025-11-13 20:31:56, EXEC, v:1, k:poo@array, mode:LOCK, rate:0, size:71
2025-11-13 20:31:57, EXEC, v:1, k:poo@array, mode:LOCK, rate:0
2025-11-13 20:32:38, EXEC, v:1, k:poo@array, mode:LOCK, rate:0, size:72
2025-11-13 20:32:39, EXEC, v:1, k:poo@array, mode:LOCK, rate:0
2025-11-13 20:33:01, EXEC, v:1, k:poo@array, mode:LOCK, rate:0, size:72
2025-11-13 20:33:01, EXEC, v:1, k:poo@array, mode:LOCK, rate:0, size:72
2025-11-13 20:33:22, EXEC, v:1, k:poo@array, mode:LOCK, rate:0, size:73
2025-11-13 20:33:43, EXEC, v:1, k:poo@array, mode:LOCK, rate:0, size:74
2025-11-13 20:33:44, EXEC, v:1, k:poo@array, mode:LOCK, rate:0
2025-11-13 20:33:45, EXEC, v:1, k:poo@array, mode:LOCK, rate:0
2025-11-13 20:34:17, EXEC, v:1, k:poo@array, mode:LOCK, rate:0, size:74
2025-11-13 20:34:44, EXEC, v:1, k:poo@array, mode:LOCK, rate:0, size:75
2025-11-13 20:34:45, EXEC, v:1, k:poo@array, mode:LOCK, rate:0
2025-11-13 20:35:57, MOVE, v:1, k:poo@array, mode:BACK
2025-11-13 20:36:16, MOVE, v:1, k:poo@array, mode:PICK
2025-11-13 20:36:17, EXEC, v:1, k:poo@array, mode:LOCK, rate:0, size:78
2025-11-13 20:36:18, EXEC, v:1, k:poo@array, mode:LOCK, rate:0
2025-11-13 20:36:18, MOVE, v:1, k:poo@array, mode:BACK
2025-11-13 20:41:00, MOVE, v:1, k:poo@array, mode:PICK
2025-11-13 20:41:00, EXEC, v:1, k:poo@array, mode:LOCK, rate:0, size:86
2025-11-13 20:41:01, EXEC, v:1, k:poo@array, mode:LOCK, rate:0
2025-11-13 20:41:29, EXEC, v:1, k:poo@array, mode:LOCK, rate:0, size:86
2025-11-13 20:41:40, EXEC, v:1, k:poo@array, mode:LOCK, rate:0, size:86
2025-11-13 20:41:40, EXEC, v:1, k:poo@array, mode:LOCK, rate:0, size:86
2025-11-13 20:41:48, EXEC, v:1, k:poo@array, mode:LOCK, rate:0, size:86
2025-11-13 20:41:56, EXEC, v:1, k:poo@array, mode:LOCK, rate:0, size:86
2025-11-13 20:42:20, EXEC, v:1, k:poo@array, mode:LOCK, rate:0, size:86
2025-11-13 20:42:21, EXEC, v:1, k:poo@array, mode:LOCK, rate:0
2025-11-13 20:42:37, EXEC, v:1, k:poo@array, mode:LOCK, rate:0, size:85
2025-11-13 20:42:37, EXEC, v:1, k:poo@array, mode:LOCK, rate:0, size:85
2025-11-13 20:43:14, EXEC, v:1, k:poo@array, mode:LOCK, rate:0, size:86
2025-11-13 20:43:15, EXEC, v:1, k:poo@array, mode:LOCK, rate:0
2025-11-13 20:43:55, EXEC, v:1, k:poo@array, mode:LOCK, rate:0, size:87
2025-11-13 20:43:55, EXEC, v:1, k:poo@array, mode:LOCK, rate:0, size:87
2025-11-13 20:44:38, EXEC, v:1, k:poo@array, mode:LOCK, rate:0, size:88
2025-11-13 20:44:43, MOVE, v:1, k:poo@array, mode:BACK
