2025-11-12 14:50:46, MOVE, v:1, k:poo@budega, mode:DOWN
2025-11-12 14:50:58, MOVE, v:1, k:poo@array, mode:DOWN
2025-11-12 14:50:59, MOVE, v:1, k:poo@array, mode:PICK
2025-11-12 14:51:00, MOVE, v:1, k:poo@array, mode:BACK
2025-11-12 14:51:02, MOVE, v:1, k:poo@budega, mode:PICK
2025-11-12 14:51:03, EXEC, v:1, k:poo@budega, mode:FULL, rate:100, size:89
2025-11-12 14:51:04, MOVE, v:1, k:poo@budega, mode:BACK
2025-11-12 14:52:28, MOVE, v:1, k:poo@array, mode:PICK
2025-11-12 14:52:30, MOVE, v:1, k:poo@array, mode:BACK
2025-11-12 22:25:28, MOVE, v:1, k:poo@array, mode:PICK
2025-11-12 22:25:30, EXEC, v:1, k:poo@array, mode:LOCK, rate:100, size:1
2025-11-12 22:25:32, EXEC, v:1, k:poo@array, mode:LOCK, rate:100
2025-11-12 22:25:36, EXEC, v:1, k:poo@array, mode:LOCK, rate:100
2025-11-12 22:25:38, MOVE, v:1, k:poo@array, mode:BACK
2025-11-12 22:25:50, SELF, v:1, k:poo@array
2025-11-12 22:26:27, MOVE, v:1, k:poo@array, mode:PICK
2025-11-12 22:26:28, EXEC, v:1, k:poo@array, mode:LOCK, rate:100
2025-11-12 22:26:28, EXEC, v:1, k:poo@array, mode:LOCK, rate:100
2025-11-12 22:26:29, EXEC, v:1, k:poo@array, mode:LOCK, rate:100
2025-11-12 22:26:30, MOVE, v:1, k:poo@array, mode:BACK
2025-11-12 22:27:24, MOVE, v:1, k:poo@array, mode:PICK
2025-11-12 22:27:25, EXEC, v:1, k:poo@array, mode:LOCK, rate:0, size:3
2025-11-12 22:27:25, EXEC, v:1, k:poo@array, mode:LOCK, rate:0, size:3
2025-11-12 22:27:34, EXEC, v:1, k:poo@array, mode:LOCK, rate:0, size:3
2025-11-12 22:27:36, EXEC, v:1, k:poo@array, mode:LOCK, rate:0
2025-11-12 22:27:38, MOVE, v:1, k:poo@array, mode:BACK
2025-11-12 22:29:04, MOVE, v:1, k:poo@array, mode:PICK
2025-11-12 22:29:05, EXEC, v:1, k:poo@array, mode:LOCK, rate:0, size:5
2025-11-12 22:29:06, EXEC, v:1, k:poo@array, mode:LOCK, rate:0
2025-11-12 22:33:52, EXEC, v:1, k:poo@array, mode:LOCK, rate:0, size:10
2025-11-12 22:34:29, EXEC, v:1, k:poo@array, mode:LOCK, rate:0, size:10
2025-11-12 22:35:01, EXEC, v:1, k:poo@array, mode:LOCK, rate:0, size:9
2025-11-12 22:35:01, EXEC, v:1, k:poo@array, mode:LOCK, rate:0, size:9
2025-11-12 22:35:02, EXEC, v:1, k:poo@array, mode:LOCK, rate:0, size:9
2025-11-12 22:35:11, EXEC, v:1, k:poo@array, mode:LOCK, rate:0, size:9
2025-11-12 22:35:12, EXEC, v:1, k:poo@array, mode:LOCK, rate:0
2025-11-12 22:35:12, EXEC, v:1, k:poo@array, mode:LOCK, rate:0
2025-11-12 22:35:30, EXEC, v:1, k:poo@array, mode:LOCK, rate:0, size:10
2025-11-12 22:35:30, EXEC, v:1, k:poo@array, mode:LOCK, rate:0, size:10
2025-11-12 22:36:12, EXEC, v:1, k:poo@array, mode:LOCK, rate:0, size:10
2025-11-12 22:37:00, EXEC, v:1, k:poo@array, mode:LOCK, rate:0, size:11
2025-11-12 22:37:01, EXEC, v:1, k:poo@array, mode:LOCK, rate:0
2025-11-12 22:37:02, EXEC, v:1, k:poo@array, mode:LOCK, rate:0
2025-11-12 22:37:10, EXEC, v:1, k:poo@array, mode:LOCK, rate:0, size:11
2025-11-12 22:37:10, EXEC, v:1, k:poo@array, mode:LOCK, rate:0, size:11
2025-11-12 22:37:21, EXEC, v:1, k:poo@array, mode:LOCK, rate:0, size:11
2025-11-12 22:37:22, EXEC, v:1, k:poo@array, mode:LOCK, rate:0
2025-11-12 22:37:28, EXEC, v:1, k:poo@array, mode:LOCK, rate:0, size:11
2025-11-12 22:37:33, EXEC, v:1, k:poo@array, mode:LOCK, rate:0
2025-11-12 22:37:33, EXEC, v:1, k:poo@array, mode:LOCK, rate:0, size:11
2025-11-12 22:37:34, EXEC, v:1, k:poo@array, mode:LOCK, rate:0
2025-11-12 22:37:36, MOVE, v:1, k:poo@array, mode:BACK
