2025-11-14 00:07:09, MOVE, v:1, k:poo@array, mode:PICK
2025-11-14 00:07:10, EXEC, v:1, k:poo@array, mode:LOCK, rate:0
2025-11-14 00:07:10, EXEC, v:1, k:poo@array, mode:LOCK, rate:0
2025-11-14 00:13:33, EXEC, v:1, k:poo@array, mode:LOCK, rate:0, size:92
2025-11-14 00:13:34, EXEC, v:1, k:poo@array, mode:LOCK, rate:0
2025-11-14 00:13:49, EXEC, v:1, k:poo@array, mode:LOCK, rate:0, size:93
2025-11-14 00:13:50, EXEC, v:1, k:poo@array, mode:LOCK, rate:0
2025-11-14 00:14:17, EXEC, v:1, k:poo@array, mode:LOCK, rate:0, size:93
2025-11-14 00:14:50, EXEC, v:1, k:poo@array, mode:LOCK, rate:0, size:92
2025-11-14 00:14:51, EXEC, v:1, k:poo@array, mode:LOCK, rate:0
2025-11-14 00:14:58, EXEC, v:1, k:poo@array, mode:LOCK, rate:0, size:92
2025-11-14 00:14:59, EXEC, v:1, k:poo@array, mode:LOCK, rate:0
2025-11-14 00:20:29, EXEC, v:1, k:poo@array, mode:LOCK, rate:0, size:92
2025-11-14 00:20:29, EXEC, v:1, k:poo@array, mode:LOCK, rate:0, size:92
2025-11-14 00:20:33, MOVE, v:1, k:poo@array, mode:BACK
2025-11-14 00:20:46, MOVE, v:1, k:poo@array, mode:PICK
2025-11-14 00:20:46, EXEC, v:1, k:poo@array, mode:LOCK, rate:0, size:92
2025-11-14 00:20:47, EXEC, v:1, k:poo@array, mode:LOCK, rate:0
2025-11-14 00:42:01, EXEC, v:1, k:poo@array, mode:LOCK, rate:0, size:97
2025-11-14 00:42:01, EXEC, v:1, k:poo@array, mode:LOCK, rate:0, size:97
2025-11-14 00:42:02, EXEC, v:1, k:poo@array, mode:LOCK, rate:0, size:97
2025-11-14 00:42:02, EXEC, v:1, k:poo@array, mode:LOCK, rate:0, size:97
2025-11-14 00:42:02, EXEC, v:1, k:poo@array, mode:LOCK, rate:0, size:97
2025-11-14 00:42:04, MOVE, v:1, k:poo@array, mode:BACK
2025-11-14 00:48:48, MOVE, v:1, k:poo@array, mode:PICK
2025-11-14 00:48:49, EXEC, v:1, k:poo@array, mode:LOCK, rate:0
2025-11-14 00:48:49, EXEC, v:1, k:poo@array, mode:LOCK, rate:0
2025-11-14 00:57:13, EXEC, v:1, k:poo@array, mode:LOCK, rate:0
2025-11-14 00:57:14, EXEC, v:1, k:poo@array, mode:LOCK, rate:0
2025-11-14 01:06:12, EXEC, v:1, k:poo@array, mode:LOCK, rate:0, size:101
2025-11-14 01:06:13, EXEC, v:1, k:poo@array, mode:LOCK, rate:0
2025-11-14 01:06:34, EXEC, v:1, k:poo@array, mode:LOCK, rate:0
2025-11-14 01:06:51, EXEC, v:1, k:poo@array, mode:LOCK, rate:0, size:102
2025-11-14 01:06:51, EXEC, v:1, k:poo@array, mode:LOCK, rate:0, size:102
2025-11-14 01:08:58, EXEC, v:1, k:poo@array, mode:LOCK, rate:0, size:109
2025-11-14 01:08:59, EXEC, v:1, k:poo@array, mode:LOCK, rate:0
2025-11-14 01:09:18, EXEC, v:1, k:poo@array, mode:LOCK, rate:0, size:109
2025-11-14 01:09:27, EXEC, v:1, k:poo@array, mode:LOCK, rate:0, size:109
2025-11-14 01:09:44, EXEC, v:1, k:poo@array, mode:LOCK, rate:0, size:109
2025-11-14 01:10:11, EXEC, v:1, k:poo@array, mode:LOCK, rate:0, size:110
2025-11-14 01:10:47, EXEC, v:1, k:poo@array, mode:LOCK, rate:0, size:111
2025-11-14 01:10:48, EXEC, v:1, k:poo@array, mode:LOCK, rate:0
2025-11-14 01:10:53, EXEC, v:1, k:poo@array, mode:LOCK, rate:0, size:111
2025-11-14 01:11:07, EXEC, v:1, k:poo@array, mode:LOCK, rate:0, size:112
2025-11-14 01:12:36, EXEC, v:1, k:poo@array, mode:LOCK, rate:0, size:112
2025-11-14 01:12:59, EXEC, v:1, k:poo@array, mode:LOCK, rate:0
2025-11-14 01:12:59, EXEC, v:1, k:poo@array, mode:LOCK, rate:0
2025-11-14 01:13:01, MOVE, v:1, k:poo@array, mode:BACK
2025-11-14 01:13:39, MOVE, v:1, k:poo@array, mode:PICK
2025-11-14 01:13:40, EXEC, v:1, k:poo@array, mode:LOCK, rate:0
2025-11-14 01:13:40, EXEC, v:1, k:poo@array, mode:LOCK, rate:0
2025-11-14 01:13:42, MOVE, v:1, k:poo@array, mode:BACK
2025-11-14 01:14:38, MOVE, v:1, k:poo@array, mode:PICK
2025-11-14 01:14:39, EXEC, v:1, k:poo@array, mode:LOCK, rate:0
2025-11-14 01:14:40, EXEC, v:1, k:poo@array, mode:LOCK, rate:0
2025-11-14 01:14:41, MOVE, v:1, k:poo@array, mode:BACK
2025-11-14 01:16:24, SELF, v:1, k:poo@array, rate:80, alone:10
2025-11-14 01:17:52, MOVE, v:1, k:poo@budega, mode:PICK
2025-11-14 01:17:53, EXEC, v:1, k:poo@budega, mode:FULL, rate:0, size:2
2025-11-14 01:17:56, EXEC, v:1, k:poo@budega, mode:FULL, rate:0
2025-11-14 01:17:58, MOVE, v:1, k:poo@budega, mode:BACK
