2025-11-16 16:46:29, MOVE, v:1, k:poo@lapiseira, mode:PICK
2025-11-16 16:46:30, EXEC, v:1, k:poo@lapiseira, mode:FULL, rate:7
2025-11-16 16:46:32, EXEC, v:1, k:poo@lapiseira, mode:FULL, rate:7
2025-11-16 16:46:39, MOVE, v:1, k:poo@lapiseira, mode:BACK
2025-11-16 17:01:08, MOVE, v:1, k:poo@lapiseira, mode:PICK
2025-11-16 17:01:10, EXEC, v:1, k:poo@lapiseira, mode:FULL, rate:7, size:118
2025-11-16 17:04:18, EXEC, v:1, k:poo@lapiseira, mode:FULL, rate:7, size:116
2025-11-16 17:04:20, EXEC, v:1, k:poo@lapiseira, mode:FULL, rate:7
2025-11-16 17:05:44, EXEC, v:1, k:poo@lapiseira, mode:FULL, rate:7, size:116
2025-11-16 17:11:21, EXEC, v:1, k:poo@lapiseira, mode:FULL, rate:7, size:117
2025-11-16 17:21:18, EXEC, v:1, k:poo@lapiseira, mode:FULL, rate:0, size:122
2025-11-16 17:21:19, EXEC, v:1, k:poo@lapiseira, mode:FULL, rate:0
2025-11-16 17:23:55, EXEC, v:1, k:poo@lapiseira, mode:FULL, rate:0, size:122
2025-11-16 17:24:36, EXEC, v:1, k:poo@lapiseira, mode:FULL, rate:0, size:122
2025-11-16 17:28:23, EXEC, v:1, k:poo@lapiseira, mode:FULL, rate:0, size:126
2025-11-16 17:29:24, EXEC, v:1, k:poo@lapiseira, mode:FULL, rate:0, size:126
2025-11-16 17:29:25, EXEC, v:1, k:poo@lapiseira, mode:FULL, rate:0
2025-11-16 17:31:37, EXEC, v:1, k:poo@lapiseira, mode:FULL, rate:0
2025-11-16 17:33:38, EXEC, v:1, k:poo@lapiseira, mode:FULL, rate:0, size:128
2025-11-16 17:34:43, EXEC, v:1, k:poo@lapiseira, mode:FULL, rate:0, size:128
2025-11-16 17:43:18, EXEC, v:1, k:poo@lapiseira, mode:FULL, rate:0, size:128
2025-11-16 17:50:59, EXEC, v:1, k:poo@lapiseira, mode:FULL, rate:0, size:126
2025-11-16 17:51:00, EXEC, v:1, k:poo@lapiseira, mode:FULL, rate:0
2025-11-16 17:54:33, EXEC, v:1, k:poo@lapiseira, mode:FULL, rate:0, size:126
2025-11-16 17:54:34, EXEC, v:1, k:poo@lapiseira, mode:FULL, rate:0
2025-11-16 18:14:43, EXEC, v:1, k:poo@lapiseira, mode:FULL, rate:28, size:124
2025-11-16 18:15:30, EXEC, v:1, k:poo@lapiseira, mode:FULL, rate:14, size:124
2025-11-16 18:16:04, EXEC, v:1, k:poo@lapiseira, mode:FULL, rate:14, size:124
2025-11-16 18:16:24, EXEC, v:1, k:poo@lapiseira, mode:FULL, rate:14, size:124
2025-11-16 18:16:46, EXEC, v:1, k:poo@lapiseira, mode:FULL, rate:14, size:124
2025-11-16 18:16:57, EXEC, v:1, k:poo@lapiseira, mode:FULL, rate:14
2025-11-16 18:17:20, EXEC, v:1, k:poo@lapiseira, mode:FULL, rate:14, size:124
2025-11-16 18:17:55, EXEC, v:1, k:poo@lapiseira, mode:FULL, rate:14
2025-11-16 18:18:27, EXEC, v:1, k:poo@lapiseira, mode:FULL, rate:14, size:124
2025-11-16 18:20:14, EXEC, v:1, k:poo@lapiseira, mode:FULL, rate:14, size:124
2025-11-16 18:25:38, EXEC, v:1, k:poo@lapiseira, mode:FULL, rate:14, size:124
2025-11-16 18:26:05, EXEC, v:1, k:poo@lapiseira, mode:FULL, rate:42, size:124
2025-11-16 18:26:19, EXEC, v:1, k:poo@lapiseira, mode:FULL, rate:14, size:124
2025-11-16 18:26:41, EXEC, v:1, k:poo@lapiseira, mode:FULL, rate:42, size:124
2025-11-16 18:27:28, EXEC, v:1, k:poo@lapiseira, mode:FULL, rate:14, size:124
2025-11-16 18:27:40, EXEC, v:1, k:poo@lapiseira, mode:FULL, rate:0, size:124
2025-11-16 18:27:43, EXEC, v:1, k:poo@lapiseira, mode:FULL, rate:42, size:124
2025-11-16 18:30:46, EXEC, v:1, k:poo@lapiseira, mode:FULL, rate:64, size:124
2025-11-16 18:31:39, EXEC, v:1, k:poo@lapiseira, mode:FULL, rate:71, size:124
2025-11-16 18:34:19, EXEC, v:1, k:poo@lapiseira, mode:FULL, rate:100, size:124
2025-11-16 18:35:06, EXEC, v:1, k:poo@lapiseira, mode:FULL, rate:100
2025-11-16 18:35:08, MOVE, v:1, k:poo@lapiseira, mode:BACK
2025-11-16 18:39:58, SELF, v:1, k:poo@lapiseira, rate:100, human:q
2025-11-16 18:42:25, SELF, v:1, k:poo@lapiseira, rate:100, human:q, alone:10, study:3
2025-11-16 18:46:24, MOVE, v:1, k:poo@pula-pula, mode:DOWN
2025-11-16 19:08:43, MOVE, v:1, k:poo@pula-pula, mode:PICK
2025-11-16 19:08:44, EXEC, v:1, k:poo@pula-pula, mode:FULL, rate:0, size:16
2025-11-16 19:13:07, EXEC, v:1, k:poo@pula-pula, mode:FULL, rate:0, size:21
2025-11-16 19:13:08, EXEC, v:1, k:poo@pula-pula, mode:FULL, rate:0
2025-11-16 19:24:46, EXEC, v:1, k:poo@pula-pula, mode:FULL, rate:0, size:28
2025-11-16 19:24:53, EXEC, v:1, k:poo@pula-pula, mode:FULL, rate:0
2025-11-16 19:25:21, EXEC, v:1, k:poo@pula-pula, mode:FULL, rate:0, size:28
2025-11-16 19:25:22, EXEC, v:1, k:poo@pula-pula, mode:FULL, rate:0
2025-11-16 19:25:29, EXEC, v:1, k:poo@pula-pula, mode:FREE
2025-11-16 19:27:10, EXEC, v:1, k:poo@pula-pula, mode:FULL, rate:0, size:28
2025-11-16 19:27:13, MOVE, v:1, k:poo@pula-pula, mode:BACK
2025-11-16 19:27:15, MOVE, v:1, k:poo@pula-pula, mode:PICK
2025-11-16 19:27:16, EXEC, v:1, k:poo@pula-pula, mode:FULL, rate:0
2025-11-16 19:27:23, EXEC, v:1, k:poo@pula-pula, mode:FULL, rate:0
2025-11-16 19:27:24, EXEC, v:1, k:poo@pula-pula, mode:FULL, rate:0
2025-11-16 19:27:25, EXEC, v:1, k:poo@pula-pula, mode:FULL, rate:0
2025-11-16 19:27:26, EXEC, v:1, k:poo@pula-pula, mode:FULL, rate:0
2025-11-16 19:27:37, MOVE, v:1, k:poo@pula-pula, mode:BACK
2025-11-16 19:31:58, MOVE, v:1, k:poo@pula-pula, mode:PICK
2025-11-16 19:31:59, EXEC, v:1, k:poo@pula-pula, mode:FULL, rate:0, size:33
2025-11-16 19:32:00, EXEC, v:1, k:poo@pula-pula, mode:FULL, rate:0
2025-11-16 19:37:35, EXEC, v:1, k:poo@pula-pula, mode:FULL, rate:0
2025-11-16 19:45:33, EXEC, v:1, k:poo@pula-pula, mode:FULL, rate:0, size:39
2025-11-16 19:45:34, EXEC, v:1, k:poo@pula-pula, mode:FULL, rate:0
2025-11-16 19:46:37, EXEC, v:1, k:poo@pula-pula, mode:FULL, rate:0, size:39
2025-11-16 19:56:57, EXEC, v:1, k:poo@pula-pula, mode:FULL, rate:0, size:40
2025-11-16 19:57:00, MOVE, v:1, k:poo@pula-pula, mode:BACK
2025-11-16 19:59:01, MOVE, v:1, k:poo@pula-pula, mode:PICK
2025-11-16 19:59:02, EXEC, v:1, k:poo@pula-pula, mode:FULL, rate:0, size:42
2025-11-16 20:00:59, EXEC, v:1, k:poo@pula-pula, mode:FULL, rate:0, size:42
2025-11-16 20:01:02, EXEC, v:1, k:poo@pula-pula, mode:FULL, rate:0
2025-11-16 20:01:35, EXEC, v:1, k:poo@pula-pula, mode:FULL, rate:0, size:41
2025-11-16 20:01:37, EXEC, v:1, k:poo@pula-pula, mode:FULL, rate:0
2025-11-16 20:02:52, EXEC, v:1, k:poo@pula-pula, mode:FULL, rate:0, size:42
2025-11-16 20:02:52, EXEC, v:1, k:poo@pula-pula, mode:FULL, rate:0, size:42
2025-11-16 20:03:07, MOVE, v:1, k:poo@pula-pula, mode:BACK
2025-11-16 20:03:11, MOVE, v:1, k:poo@pula-pula, mode:PICK
2025-11-16 20:03:12, EXEC, v:1, k:poo@pula-pula, mode:FULL, rate:0, size:42
2025-11-16 20:09:09, EXEC, v:1, k:poo@pula-pula, mode:FULL, rate:0, size:42
2025-11-16 20:09:10, EXEC, v:1, k:poo@pula-pula, mode:FULL, rate:0
2025-11-16 20:09:45, EXEC, v:1, k:poo@pula-pula, mode:FULL, rate:0
2025-11-16 20:13:08, EXEC, v:1, k:poo@pula-pula, mode:FULL, rate:0, size:43
2025-11-16 20:13:09, EXEC, v:1, k:poo@pula-pula, mode:FULL, rate:0
2025-11-16 20:16:41, EXEC, v:1, k:poo@pula-pula, mode:FULL, rate:0, size:43
2025-11-16 20:19:04, EXEC, v:1, k:poo@pula-pula, mode:FULL, rate:0, size:42
2025-11-16 20:20:05, EXEC, v:1, k:poo@pula-pula, mode:FULL, rate:0
2025-11-16 20:20:06, EXEC, v:1, k:poo@pula-pula, mode:FULL, rate:0
2025-11-16 20:44:03, EXEC, v:1, k:poo@pula-pula, mode:FULL, rate:0, size:47
2025-11-16 20:44:12, EXEC, v:1, k:poo@pula-pula, mode:FULL, rate:0, size:47
2025-11-16 20:44:32, EXEC, v:1, k:poo@pula-pula, mode:FULL, rate:0, size:46
2025-11-16 20:44:33, EXEC, v:1, k:poo@pula-pula, mode:FULL, rate:0
2025-11-16 20:44:34, MOVE, v:1, k:poo@pula-pula, mode:BACK
2025-11-16 20:47:55, MOVE, v:1, k:poo@pula-pula, mode:PICK
2025-11-16 20:47:56, EXEC, v:1, k:poo@pula-pula, mode:FULL, rate:0, size:49
2025-11-16 20:48:30, EXEC, v:1, k:poo@pula-pula, mode:FULL, rate:0
2025-11-16 20:48:43, MOVE, v:1, k:poo@pula-pula, mode:BACK
2025-11-16 20:51:10, MOVE, v:1, k:poo@pula-pula, mode:PICK
2025-11-16 20:51:10, EXEC, v:1, k:poo@pula-pula, mode:FULL, rate:0, size:50
2025-11-16 20:51:43, MOVE, v:1, k:poo@pula-pula, mode:BACK
2025-11-16 20:52:59, MOVE, v:1, k:poo@pula-pula, mode:PICK
2025-11-16 20:53:00, EXEC, v:1, k:poo@pula-pula, mode:FULL, rate:0, size:50
2025-11-16 20:53:02, EXEC, v:1, k:poo@pula-pula, mode:FULL, rate:0
2025-11-16 20:53:03, MOVE, v:1, k:poo@pula-pula, mode:BACK
2025-11-16 20:56:49, MOVE, v:1, k:poo@pula-pula, mode:PICK
2025-11-16 20:56:52, EXEC, v:1, k:poo@pula-pula, mode:FULL, rate:0
2025-11-16 20:56:54, EXEC, v:1, k:poo@pula-pula, mode:FULL, rate:0
2025-11-16 20:56:57, EXEC, v:1, k:poo@pula-pula, mode:FULL, rate:0
2025-11-16 20:57:00, EXEC, v:1, k:poo@pula-pula, mode:FULL, rate:0
2025-11-16 20:57:01, EXEC, v:1, k:poo@pula-pula, mode:FULL, rate:0
2025-11-16 20:57:08, EXEC, v:1, k:poo@pula-pula, mode:FULL, rate:0
2025-11-16 20:57:08, MOVE, v:1, k:poo@pula-pula, mode:BACK
2025-11-16 21:00:24, MOVE, v:1, k:poo@pula-pula, mode:PICK
2025-11-16 21:00:25, EXEC, v:1, k:poo@pula-pula, mode:FULL, rate:0, size:51
2025-11-16 21:00:27, MOVE, v:1, k:poo@pula-pula, mode:BACK
2025-11-16 21:00:33, MOVE, v:1, k:poo@pula-pula, mode:PICK
2025-11-16 21:00:34, EXEC, v:1, k:poo@pula-pula, mode:FULL, rate:0
2025-11-16 21:02:32, EXEC, v:1, k:poo@pula-pula, mode:FULL, rate:0, size:51
2025-11-16 21:02:34, EXEC, v:1, k:poo@pula-pula, mode:FULL, rate:0
2025-11-16 21:04:44, EXEC, v:1, k:poo@pula-pula, mode:FULL, rate:0, size:50
2025-11-16 21:05:20, MOVE, v:1, k:poo@pula-pula, mode:BACK
2025-11-16 21:05:23, MOVE, v:1, k:poo@pula-pula, mode:PICK
2025-11-16 21:05:24, EXEC, v:1, k:poo@pula-pula, mode:FULL, rate:0
2025-11-16 21:05:26, MOVE, v:1, k:poo@pula-pula, mode:BACK
2025-11-16 21:07:08, MOVE, v:1, k:poo@pula-pula, mode:PICK
2025-11-16 21:07:09, EXEC, v:1, k:poo@pula-pula, mode:FULL, rate:0, size:53
2025-11-16 21:07:10, EXEC, v:1, k:poo@pula-pula, mode:FULL, rate:0
2025-11-16 21:11:19, EXEC, v:1, k:poo@pula-pula, mode:FULL, rate:0, size:59
2025-11-16 21:12:29, EXEC, v:1, k:poo@pula-pula, mode:FULL, rate:0, size:60
2025-11-16 21:12:30, EXEC, v:1, k:poo@pula-pula, mode:FULL, rate:0
2025-11-16 21:12:32, EXEC, v:1, k:poo@pula-pula, mode:FULL, rate:0
2025-11-16 21:12:33, EXEC, v:1, k:poo@pula-pula, mode:FULL, rate:0
2025-11-16 21:12:34, MOVE, v:1, k:poo@pula-pula, mode:BACK
2025-11-16 21:15:02, MOVE, v:1, k:poo@pula-pula, mode:PICK
2025-11-16 21:15:03, EXEC, v:1, k:poo@pula-pula, mode:FULL, rate:0, size:62
2025-11-16 21:15:15, EXEC, v:1, k:poo@pula-pula, mode:FULL, rate:0
2025-11-16 21:15:16, EXEC, v:1, k:poo@pula-pula, mode:FULL, rate:0
2025-11-16 21:15:17, EXEC, v:1, k:poo@pula-pula, mode:FULL, rate:0
2025-11-16 21:15:17, EXEC, v:1, k:poo@pula-pula, mode:FULL, rate:0
2025-11-16 21:15:17, EXEC, v:1, k:poo@pula-pula, mode:FULL, rate:0
2025-11-16 21:15:18, EXEC, v:1, k:poo@pula-pula, mode:FULL, rate:0
2025-11-16 21:15:18, EXEC, v:1, k:poo@pula-pula, mode:FULL, rate:0
2025-11-16 21:15:18, EXEC, v:1, k:poo@pula-pula, mode:FULL, rate:0
2025-11-16 21:15:18, EXEC, v:1, k:poo@pula-pula, mode:FULL, rate:0
2025-11-16 21:15:19, EXEC, v:1, k:poo@pula-pula, mode:FULL, rate:0
2025-11-16 21:15:19, EXEC, v:1, k:poo@pula-pula, mode:FULL, rate:0
2025-11-16 21:15:19, EXEC, v:1, k:poo@pula-pula, mode:FULL, rate:0
2025-11-16 21:15:19, EXEC, v:1, k:poo@pula-pula, mode:FULL, rate:0
2025-11-16 21:15:20, EXEC, v:1, k:poo@pula-pula, mode:FULL, rate:0
2025-11-16 21:15:20, EXEC, v:1, k:poo@pula-pula, mode:FULL, rate:0
2025-11-16 21:15:20, EXEC, v:1, k:poo@pula-pula, mode:FULL, rate:0
2025-11-16 21:15:20, EXEC, v:1, k:poo@pula-pula, mode:FULL, rate:0
2025-11-16 21:15:21, EXEC, v:1, k:poo@pula-pula, mode:FULL, rate:0
2025-11-16 21:15:21, EXEC, v:1, k:poo@pula-pula, mode:FULL, rate:0
2025-11-16 21:15:21, EXEC, v:1, k:poo@pula-pula, mode:FULL, rate:0
2025-11-16 21:15:22, EXEC, v:1, k:poo@pula-pula, mode:FULL, rate:0
2025-11-16 21:15:22, EXEC, v:1, k:poo@pula-pula, mode:FULL, rate:0
2025-11-16 21:15:22, EXEC, v:1, k:poo@pula-pula, mode:FULL, rate:0
2025-11-16 21:15:22, EXEC, v:1, k:poo@pula-pula, mode:FULL, rate:0
2025-11-16 21:15:23, EXEC, v:1, k:poo@pula-pula, mode:FULL, rate:0
2025-11-16 21:15:23, EXEC, v:1, k:poo@pula-pula, mode:FULL, rate:0
2025-11-16 21:15:23, EXEC, v:1, k:poo@pula-pula, mode:FULL, rate:0
2025-11-16 21:15:23, EXEC, v:1, k:poo@pula-pula, mode:FULL, rate:0
2025-11-16 21:15:23, EXEC, v:1, k:poo@pula-pula, mode:FULL, rate:0
2025-11-16 21:15:24, EXEC, v:1, k:poo@pula-pula, mode:FULL, rate:0
2025-11-16 21:15:24, EXEC, v:1, k:poo@pula-pula, mode:FULL, rate:0
2025-11-16 21:15:24, EXEC, v:1, k:poo@pula-pula, mode:FULL, rate:0
2025-11-16 21:15:24, EXEC, v:1, k:poo@pula-pula, mode:FULL, rate:0
2025-11-16 21:15:25, EXEC, v:1, k:poo@pula-pula, mode:FULL, rate:0
2025-11-16 21:15:25, EXEC, v:1, k:poo@pula-pula, mode:FULL, rate:0
2025-11-16 21:15:25, EXEC, v:1, k:poo@pula-pula, mode:FULL, rate:0
2025-11-16 21:15:25, EXEC, v:1, k:poo@pula-pula, mode:FULL, rate:0
2025-11-16 21:15:26, EXEC, v:1, k:poo@pula-pula, mode:FULL, rate:0
2025-11-16 21:15:26, EXEC, v:1, k:poo@pula-pula, mode:FULL, rate:0
2025-11-16 21:15:26, EXEC, v:1, k:poo@pula-pula, mode:FULL, rate:0
2025-11-16 21:15:26, EXEC, v:1, k:poo@pula-pula, mode:FULL, rate:0
2025-11-16 21:15:27, EXEC, v:1, k:poo@pula-pula, mode:FULL, rate:0
2025-11-16 21:15:27, EXEC, v:1, k:poo@pula-pula, mode:FULL, rate:0
2025-11-16 21:15:27, EXEC, v:1, k:poo@pula-pula, mode:FULL, rate:0
2025-11-16 21:15:27, EXEC, v:1, k:poo@pula-pula, mode:FULL, rate:0
2025-11-16 21:15:28, EXEC, v:1, k:poo@pula-pula, mode:FULL, rate:0
2025-11-16 21:15:28, EXEC, v:1, k:poo@pula-pula, mode:FULL, rate:0
2025-11-16 21:15:28, EXEC, v:1, k:poo@pula-pula, mode:FULL, rate:0
2025-11-16 21:15:28, EXEC, v:1, k:poo@pula-pula, mode:FULL, rate:0
2025-11-16 21:15:29, EXEC, v:1, k:poo@pula-pula, mode:FULL, rate:0
2025-11-16 21:15:29, EXEC, v:1, k:poo@pula-pula, mode:FULL, rate:0
2025-11-16 21:15:29, EXEC, v:1, k:poo@pula-pula, mode:FULL, rate:0
2025-11-16 21:15:29, EXEC, v:1, k:poo@pula-pula, mode:FULL, rate:0
2025-11-16 21:15:29, EXEC, v:1, k:poo@pula-pula, mode:FULL, rate:0
2025-11-16 21:15:30, EXEC, v:1, k:poo@pula-pula, mode:FULL, rate:0
2025-11-16 21:15:30, EXEC, v:1, k:poo@pula-pula, mode:FULL, rate:0
2025-11-16 21:15:30, EXEC, v:1, k:poo@pula-pula, mode:FULL, rate:0
2025-11-16 21:15:31, MOVE, v:1, k:poo@pula-pula, mode:BACK
2025-11-16 21:19:32, MOVE, v:1, k:poo@pula-pula, mode:PICK
2025-11-16 21:19:33, EXEC, v:1, k:poo@pula-pula, mode:FULL, rate:0, size:67
2025-11-16 21:20:43, EXEC, v:1, k:poo@pula-pula, mode:FULL, rate:0, size:69
2025-11-16 21:20:44, EXEC, v:1, k:poo@pula-pula, mode:FULL, rate:0
2025-11-16 21:25:11, EXEC, v:1, k:poo@pula-pula, mode:FULL, rate:0, size:73
2025-11-16 21:25:12, EXEC, v:1, k:poo@pula-pula, mode:FULL, rate:0
2025-11-16 21:25:14, MOVE, v:1, k:poo@pula-pula, mode:BACK
2025-11-16 21:26:15, MOVE, v:1, k:poo@pula-pula, mode:PICK
2025-11-16 21:26:16, EXEC, v:1, k:poo@pula-pula, mode:FULL, rate:0, size:74
2025-11-16 21:26:18, EXEC, v:1, k:poo@pula-pula, mode:FULL, rate:0
2025-11-16 21:26:40, EXEC, v:1, k:poo@pula-pula, mode:FULL, rate:0, size:74
2025-11-16 21:26:41, EXEC, v:1, k:poo@pula-pula, mode:FULL, rate:0
2025-11-16 21:26:47, EXEC, v:1, k:poo@pula-pula, mode:FULL, rate:0
2025-11-16 21:27:43, EXEC, v:1, k:poo@pula-pula, mode:FULL, rate:0, size:75
2025-11-16 21:27:45, EXEC, v:1, k:poo@pula-pula, mode:FULL, rate:0
2025-11-16 21:34:12, EXEC, v:1, k:poo@pula-pula, mode:FULL, rate:0, size:76
2025-11-16 21:34:13, EXEC, v:1, k:poo@pula-pula, mode:FULL, rate:0
2025-11-16 21:35:14, EXEC, v:1, k:poo@pula-pula, mode:FULL, rate:0, size:74
2025-11-16 21:35:23, EXEC, v:1, k:poo@pula-pula, mode:FULL, rate:0
2025-11-16 21:35:47, EXEC, v:1, k:poo@pula-pula, mode:FULL, rate:0, size:74
2025-11-16 21:35:49, EXEC, v:1, k:poo@pula-pula, mode:FULL, rate:0
2025-11-16 21:36:14, EXEC, v:1, k:poo@pula-pula, mode:FULL, rate:90, size:74
2025-11-16 21:36:37, EXEC, v:1, k:poo@pula-pula, mode:FULL, rate:90, size:74
2025-11-16 21:36:38, EXEC, v:1, k:poo@pula-pula, mode:FULL, rate:90
2025-11-16 21:36:40, EXEC, v:1, k:poo@pula-pula, mode:FULL, rate:90
2025-11-16 21:36:54, EXEC, v:1, k:poo@pula-pula, mode:FULL, rate:0, size:74
2025-11-16 21:37:03, EXEC, v:1, k:poo@pula-pula, mode:FULL, rate:0, size:74
2025-11-16 21:37:03, EXEC, v:1, k:poo@pula-pula, mode:FULL, rate:0, size:74
2025-11-16 21:37:18, EXEC, v:1, k:poo@pula-pula, mode:FULL, rate:90, size:74
2025-11-16 21:38:08, EXEC, v:1, k:poo@pula-pula, mode:FULL, rate:90, size:74
2025-11-16 21:38:09, EXEC, v:1, k:poo@pula-pula, mode:FULL, rate:90
2025-11-16 21:39:06, EXEC, v:1, k:poo@pula-pula, mode:FULL, rate:90, size:75
2025-11-16 21:39:07, EXEC, v:1, k:poo@pula-pula, mode:FULL, rate:90
2025-11-16 21:40:18, EXEC, v:1, k:poo@pula-pula, mode:FULL, rate:90, size:74
2025-11-16 21:40:19, EXEC, v:1, k:poo@pula-pula, mode:FULL, rate:90
2025-11-16 21:40:20, MOVE, v:1, k:poo@pula-pula, mode:BACK
2025-11-16 21:40:36, MOVE, v:1, k:poo@pula-pula, mode:PICK
2025-11-16 21:40:37, EXEC, v:1, k:poo@pula-pula, mode:FULL, rate:90
2025-11-16 21:47:04, EXEC, v:1, k:poo@pula-pula, mode:FULL, rate:90, size:74
2025-11-16 21:47:36, MOVE, v:1, k:poo@pula-pula, mode:PICK
2025-11-16 21:47:38, EXEC, v:1, k:poo@pula-pula, mode:FULL, rate:90
2025-11-16 21:47:39, MOVE, v:1, k:poo@pula-pula, mode:BACK
2025-11-16 21:48:13, MOVE, v:1, k:poo@budega, mode:PICK
2025-11-16 21:48:14, EXEC, v:1, k:poo@budega, mode:FULL, rate:100
2025-11-16 21:48:15, EXEC, v:1, k:poo@budega, mode:FULL, rate:100
2025-11-16 21:48:16, EXEC, v:1, k:poo@budega, mode:FULL, rate:100
2025-11-16 21:48:17, EXEC, v:1, k:poo@budega, mode:FULL, rate:100
2025-11-16 21:48:18, EXEC, v:1, k:poo@budega, mode:FULL, rate:100
2025-11-16 21:48:19, EXEC, v:1, k:poo@budega, mode:FULL, rate:100
2025-11-16 21:48:19, EXEC, v:1, k:poo@budega, mode:FULL, rate:100
2025-11-16 21:48:20, EXEC, v:1, k:poo@budega, mode:FULL, rate:100
2025-11-16 21:48:20, EXEC, v:1, k:poo@budega, mode:FULL, rate:100
2025-11-16 21:48:21, EXEC, v:1, k:poo@budega, mode:FULL, rate:100
2025-11-16 21:48:21, EXEC, v:1, k:poo@budega, mode:FULL, rate:100
2025-11-16 21:48:21, EXEC, v:1, k:poo@budega, mode:FULL, rate:100
2025-11-16 21:48:22, EXEC, v:1, k:poo@budega, mode:FULL, rate:100
2025-11-16 21:48:22, EXEC, v:1, k:poo@budega, mode:FULL, rate:100
2025-11-16 21:48:22, EXEC, v:1, k:poo@budega, mode:FULL, rate:100
2025-11-16 21:48:22, EXEC, v:1, k:poo@budega, mode:FULL, rate:100
2025-11-16 21:48:23, EXEC, v:1, k:poo@budega, mode:FULL, rate:100
2025-11-16 21:48:23, EXEC, v:1, k:poo@budega, mode:FULL, rate:100
2025-11-16 21:48:23, EXEC, v:1, k:poo@budega, mode:FULL, rate:100
2025-11-16 21:48:23, EXEC, v:1, k:poo@budega, mode:FULL, rate:100
2025-11-16 21:48:24, EXEC, v:1, k:poo@budega, mode:FULL, rate:100
2025-11-16 21:48:24, EXEC, v:1, k:poo@budega, mode:FULL, rate:100
2025-11-16 21:48:24, EXEC, v:1, k:poo@budega, mode:FULL, rate:100
2025-11-16 21:48:24, EXEC, v:1, k:poo@budega, mode:FULL, rate:100
2025-11-16 21:48:25, EXEC, v:1, k:poo@budega, mode:FULL, rate:100
2025-11-16 21:48:25, EXEC, v:1, k:poo@budega, mode:FULL, rate:100
2025-11-16 21:48:25, EXEC, v:1, k:poo@budega, mode:FULL, rate:100
2025-11-16 21:48:26, EXEC, v:1, k:poo@budega, mode:FULL, rate:100
2025-11-16 21:48:26, EXEC, v:1, k:poo@budega, mode:FULL, rate:100
2025-11-16 21:48:26, EXEC, v:1, k:poo@budega, mode:FULL, rate:100
2025-11-16 21:48:26, EXEC, v:1, k:poo@budega, mode:FULL, rate:100
2025-11-16 21:48:27, EXEC, v:1, k:poo@budega, mode:FULL, rate:100
2025-11-16 21:48:27, EXEC, v:1, k:poo@budega, mode:FULL, rate:100
2025-11-16 21:48:27, EXEC, v:1, k:poo@budega, mode:FULL, rate:100
2025-11-16 21:48:27, EXEC, v:1, k:poo@budega, mode:FULL, rate:100
2025-11-16 21:48:28, EXEC, v:1, k:poo@budega, mode:FULL, rate:100
2025-11-16 21:48:28, EXEC, v:1, k:poo@budega, mode:FULL, rate:100
2025-11-16 21:48:28, EXEC, v:1, k:poo@budega, mode:FULL, rate:100
2025-11-16 21:48:28, EXEC, v:1, k:poo@budega, mode:FULL, rate:100
2025-11-16 21:48:29, EXEC, v:1, k:poo@budega, mode:FULL, rate:100
2025-11-16 21:48:29, EXEC, v:1, k:poo@budega, mode:FULL, rate:100
2025-11-16 21:48:29, EXEC, v:1, k:poo@budega, mode:FULL, rate:100
2025-11-16 21:48:30, EXEC, v:1, k:poo@budega, mode:FULL, rate:100
2025-11-16 21:48:30, EXEC, v:1, k:poo@budega, mode:FULL, rate:100
2025-11-16 21:48:30, EXEC, v:1, k:poo@budega, mode:FULL, rate:100
2025-11-16 21:48:30, EXEC, v:1, k:poo@budega, mode:FULL, rate:100
2025-11-16 21:48:31, EXEC, v:1, k:poo@budega, mode:FULL, rate:100
2025-11-16 21:48:31, EXEC, v:1, k:poo@budega, mode:FULL, rate:100
2025-11-16 21:48:31, EXEC, v:1, k:poo@budega, mode:FULL, rate:100
2025-11-16 21:48:31, EXEC, v:1, k:poo@budega, mode:FULL, rate:100
2025-11-16 21:48:32, EXEC, v:1, k:poo@budega, mode:FULL, rate:100
2025-11-16 21:48:32, EXEC, v:1, k:poo@budega, mode:FULL, rate:100
2025-11-16 21:48:32, EXEC, v:1, k:poo@budega, mode:FULL, rate:100
2025-11-16 21:48:33, EXEC, v:1, k:poo@budega, mode:FULL, rate:100
2025-11-16 21:48:33, EXEC, v:1, k:poo@budega, mode:FULL, rate:100
2025-11-16 21:48:33, EXEC, v:1, k:poo@budega, mode:FULL, rate:100
2025-11-16 21:48:35, MOVE, v:1, k:poo@budega, mode:BACK
2025-11-16 21:54:02, MOVE, v:1, k:poo@pula-pula, mode:PICK
2025-11-16 21:54:04, EXEC, v:1, k:poo@pula-pula, mode:FULL, rate:100, size:74
2025-11-16 21:54:05, EXEC, v:1, k:poo@pula-pula, mode:FULL, rate:100
2025-11-16 21:54:13, MOVE, v:1, k:poo@pula-pula, mode:BACK
2025-11-16 21:55:22, MOVE, v:1, k:poo@pula-pula, mode:PICK
2025-11-16 21:55:23, EXEC, v:1, k:poo@pula-pula, mode:FULL, rate:100
