2025-11-11 13:50:35, MOVE, v:1, k:poo@array, mode:PICK
2025-11-11 13:50:37, EXEC, v:1, k:poo@array, mode:LOCK, rate:0, size:65
2025-11-11 13:50:40, EXEC, v:1, k:poo@array, mode:LOCK, rate:0
2025-11-11 13:50:44, MOVE, v:1, k:poo@array, mode:BACK
2025-11-11 13:52:53, MOVE, v:1, k:poo@array, mode:PICK
2025-11-11 13:52:55, EXEC, v:1, k:poo@array, mode:LOCK, rate:0
2025-11-11 13:52:56, EXEC, v:1, k:poo@array, mode:LOCK, rate:0
2025-11-11 13:52:58, EXEC, v:1, k:poo@array, mode:LOCK, rate:0
2025-11-11 13:53:03, EXEC, v:1, k:poo@array, mode:LOCK, rate:0
2025-11-11 13:53:04, EXEC, v:1, k:poo@array, mode:LOCK, rate:0
2025-11-11 13:53:05, EXEC, v:1, k:poo@array, mode:LOCK, rate:0
2025-11-11 13:53:05, EXEC, v:1, k:poo@array, mode:LOCK, rate:0
2025-11-11 13:53:05, EXEC, v:1, k:poo@array, mode:LOCK, rate:0
2025-11-11 13:53:06, EXEC, v:1, k:poo@array, mode:LOCK, rate:0
2025-11-11 13:53:07, EXEC, v:1, k:poo@array, mode:LOCK, rate:0
2025-11-11 13:53:10, MOVE, v:1, k:poo@array, mode:BACK
2025-11-11 13:53:17, MOVE, v:1, k:poo@budega, mode:PICK
2025-11-11 13:53:19, EXEC, v:1, k:poo@budega, mode:FULL, rate:100, size:82
2025-11-11 13:53:42, EXEC, v:1, k:poo@budega, mode:FULL, rate:100, size:82
2025-11-11 13:53:43, EXEC, v:1, k:poo@budega, mode:FULL, rate:100
2025-11-11 13:53:47, MOVE, v:1, k:poo@budega, mode:BACK
2025-11-11 13:56:42, MOVE, v:1, k:poo@array, mode:PICK
2025-11-11 13:56:43, EXEC, v:1, k:poo@array, mode:LOCK, rate:0
2025-11-11 13:56:46, EXEC, v:1, k:poo@array, mode:LOCK, rate:0
2025-11-11 13:56:51, EXEC, v:1, k:poo@array, mode:LOCK, rate:0
2025-11-11 13:56:52, EXEC, v:1, k:poo@array, mode:LOCK, rate:0
2025-11-11 13:56:52, EXEC, v:1, k:poo@array, mode:LOCK, rate:0
2025-11-11 13:56:53, EXEC, v:1, k:poo@array, mode:LOCK, rate:0
2025-11-11 13:56:54, EXEC, v:1, k:poo@array, mode:LOCK, rate:0
2025-11-11 13:57:06, EXEC, v:1, k:poo@array, mode:LOCK, rate:0
2025-11-11 13:57:09, EXEC, v:1, k:poo@array, mode:LOCK, rate:0
2025-11-11 13:57:16, EXEC, v:1, k:poo@array, mode:LOCK, rate:0
2025-11-11 13:57:21, EXEC, v:1, k:poo@array, mode:LOCK, rate:0
2025-11-11 13:57:43, EXEC, v:1, k:poo@array, mode:LOCK, rate:0
2025-11-11 13:57:44, EXEC, v:1, k:poo@array, mode:LOCK, rate:0
2025-11-11 13:57:45, EXEC, v:1, k:poo@array, mode:LOCK, rate:0
2025-11-11 13:57:46, EXEC, v:1, k:poo@array, mode:LOCK, rate:0
2025-11-11 13:57:47, EXEC, v:1, k:poo@array, mode:LOCK, rate:0
2025-11-11 13:57:47, EXEC, v:1, k:poo@array, mode:LOCK, rate:0
2025-11-11 13:57:49, EXEC, v:1, k:poo@array, mode:FREE
2025-11-11 13:58:37, EXEC, v:1, k:poo@array, mode:LOCK, rate:0
2025-11-11 13:58:37, EXEC, v:1, k:poo@array, mode:LOCK, rate:0
2025-11-11 13:58:39, MOVE, v:1, k:poo@array, mode:BACK
2025-11-11 13:58:42, MOVE, v:1, k:poo@array, mode:PICK
2025-11-11 13:58:44, EXEC, v:1, k:poo@array, mode:LOCK, rate:0
2025-11-11 13:58:44, EXEC, v:1, k:poo@array, mode:LOCK, rate:0
2025-11-11 13:58:45, EXEC, v:1, k:poo@array, mode:LOCK, rate:0
2025-11-11 13:58:47, EXEC, v:1, k:poo@array, mode:LOCK, rate:0
2025-11-11 13:58:51, EXEC, v:1, k:poo@array, mode:LOCK, rate:0
2025-11-11 13:58:52, EXEC, v:1, k:poo@array, mode:LOCK, rate:0
2025-11-11 13:58:52, EXEC, v:1, k:poo@array, mode:LOCK, rate:0
2025-11-11 13:58:54, MOVE, v:1, k:poo@array, mode:BACK
2025-11-11 14:08:43, MOVE, v:1, k:poo@array, mode:PICK
2025-11-11 14:08:44, EXEC, v:1, k:poo@array, mode:LOCK, rate:0, size:66
2025-11-11 14:08:45, EXEC, v:1, k:poo@array, mode:LOCK, rate:0
2025-11-11 14:08:46, EXEC, v:1, k:poo@array, mode:LOCK, rate:0
2025-11-11 14:08:47, EXEC, v:1, k:poo@array, mode:LOCK, rate:0
2025-11-11 14:08:47, EXEC, v:1, k:poo@array, mode:LOCK, rate:0
2025-11-11 14:08:47, EXEC, v:1, k:poo@array, mode:LOCK, rate:0
2025-11-11 14:08:47, EXEC, v:1, k:poo@array, mode:LOCK, rate:0
2025-11-11 14:08:47, EXEC, v:1, k:poo@array, mode:LOCK, rate:0
2025-11-11 14:08:47, EXEC, v:1, k:poo@array, mode:LOCK, rate:0
2025-11-11 14:08:47, EXEC, v:1, k:poo@array, mode:LOCK, rate:0
2025-11-11 14:08:47, EXEC, v:1, k:poo@array, mode:LOCK, rate:0
2025-11-11 14:08:47, EXEC, v:1, k:poo@array, mode:LOCK, rate:0
2025-11-11 14:08:47, EXEC, v:1, k:poo@array, mode:LOCK, rate:0
2025-11-11 14:08:47, EXEC, v:1, k:poo@array, mode:LOCK, rate:0
2025-11-11 14:08:47, EXEC, v:1, k:poo@array, mode:LOCK, rate:0
2025-11-11 14:08:47, EXEC, v:1, k:poo@array, mode:LOCK, rate:0
2025-11-11 14:08:47, EXEC, v:1, k:poo@array, mode:LOCK, rate:0
2025-11-11 14:08:47, EXEC, v:1, k:poo@array, mode:LOCK, rate:0
2025-11-11 14:08:51, EXEC, v:1, k:poo@array, mode:LOCK, rate:0
2025-11-11 14:08:53, EXEC, v:1, k:poo@array, mode:LOCK, rate:0
2025-11-11 14:08:53, EXEC, v:1, k:poo@array, mode:LOCK, rate:0
2025-11-11 14:08:53, EXEC, v:1, k:poo@array, mode:LOCK, rate:0
2025-11-11 14:08:53, EXEC, v:1, k:poo@array, mode:LOCK, rate:0
2025-11-11 14:08:54, EXEC, v:1, k:poo@array, mode:LOCK, rate:0
2025-11-11 14:08:54, EXEC, v:1, k:poo@array, mode:LOCK, rate:0
2025-11-11 14:08:54, EXEC, v:1, k:poo@array, mode:LOCK, rate:0
2025-11-11 14:08:54, EXEC, v:1, k:poo@array, mode:LOCK, rate:0
2025-11-11 14:08:54, EXEC, v:1, k:poo@array, mode:LOCK, rate:0
2025-11-11 14:08:54, EXEC, v:1, k:poo@array, mode:LOCK, rate:0
2025-11-11 14:08:54, EXEC, v:1, k:poo@array, mode:LOCK, rate:0
2025-11-11 14:08:54, EXEC, v:1, k:poo@array, mode:LOCK, rate:0
2025-11-11 14:08:58, MOVE, v:1, k:poo@array, mode:BACK
2025-11-11 14:13:43, MOVE, v:1, k:poo@array, mode:PICK
2025-11-11 14:13:44, EXEC, v:1, k:poo@array, mode:LOCK, rate:0
2025-11-11 14:13:45, EXEC, v:1, k:poo@array, mode:LOCK, rate:0
2025-11-11 14:13:46, EXEC, v:1, k:poo@array, mode:LOCK, rate:0
2025-11-11 14:13:47, EXEC, v:1, k:poo@array, mode:LOCK, rate:0
2025-11-11 14:13:48, MOVE, v:1, k:poo@array, mode:BACK
2025-11-11 14:16:55, MOVE, v:1, k:poo@budega, mode:PICK
2025-11-11 14:16:56, EXEC, v:1, k:poo@budega, mode:FULL, rate:100
2025-11-11 14:16:58, EXEC, v:1, k:poo@budega, mode:FULL, rate:100
2025-11-11 14:17:02, MOVE, v:1, k:poo@budega, mode:BACK
2025-11-11 14:17:25, MOVE, v:1, k:poo@budega, mode:PICK
2025-11-11 14:17:39, EXEC, v:1, k:poo@budega, mode:FULL, rate:100
2025-11-11 14:17:41, MOVE, v:1, k:poo@budega, mode:BACK
2025-11-11 14:19:09, MOVE, v:1, k:poo@budega, mode:PICK
2025-11-11 14:19:10, EXEC, v:1, k:poo@budega, mode:FULL, rate:100, size:82
2025-11-11 14:19:12, MOVE, v:1, k:poo@budega, mode:BACK
2025-11-11 14:19:54, MOVE, v:1, k:poo@budega, mode:PICK
2025-11-11 14:20:03, EXEC, v:1, k:poo@budega, mode:FULL, rate:100
2025-11-11 14:20:05, EXEC, v:1, k:poo@budega, mode:FULL, rate:100
2025-11-11 14:20:06, EXEC, v:1, k:poo@budega, mode:FULL, rate:100
2025-11-11 14:20:06, EXEC, v:1, k:poo@budega, mode:FULL, rate:100
2025-11-11 14:20:07, EXEC, v:1, k:poo@budega, mode:FULL, rate:100
2025-11-11 14:20:09, MOVE, v:1, k:poo@budega, mode:BACK
2025-11-11 14:21:55, MOVE, v:1, k:poo@budega, mode:PICK
2025-11-11 14:21:56, EXEC, v:1, k:poo@budega, mode:FULL, rate:100, size:81
2025-11-11 14:21:57, EXEC, v:1, k:poo@budega, mode:FULL, rate:100
2025-11-11 14:21:58, MOVE, v:1, k:poo@budega, mode:BACK
2025-11-11 14:22:23, MOVE, v:1, k:poo@budega, mode:PICK
2025-11-11 14:22:24, EXEC, v:1, k:poo@budega, mode:FULL, rate:100, size:81
2025-11-11 14:22:27, EXEC, v:1, k:poo@budega, mode:FULL, rate:100
2025-11-11 14:22:30, MOVE, v:1, k:poo@budega, mode:BACK
2025-11-11 14:23:15, MOVE, v:1, k:poo@budega, mode:PICK
2025-11-11 14:23:16, EXEC, v:1, k:poo@budega, mode:FULL, rate:100, size:81
2025-11-11 14:23:18, MOVE, v:1, k:poo@budega, mode:BACK
2025-11-11 14:30:36, MOVE, v:1, k:poo@budega, mode:PICK
2025-11-11 14:30:37, EXEC, v:1, k:poo@budega, mode:FULL, rate:100
2025-11-11 14:30:38, MOVE, v:1, k:poo@budega, mode:BACK
2025-11-11 14:32:35, MOVE, v:1, k:poo@budega, mode:PICK
2025-11-11 14:32:46, MOVE, v:1, k:poo@budega, mode:BACK
2025-11-11 14:37:50, MOVE, v:1, k:poo@budega, mode:PICK
2025-11-11 14:40:14, EXEC, v:1, k:poo@budega, mode:FULL, rate:100
2025-11-11 14:40:15, MOVE, v:1, k:poo@budega, mode:BACK
2025-11-11 14:44:04, MOVE, v:1, k:poo@array, mode:PICK
2025-11-11 14:44:04, EXEC, v:1, k:poo@array, mode:LOCK, rate:0, size:66
2025-11-11 14:44:06, EXEC, v:1, k:poo@array, mode:LOCK, rate:0
2025-11-11 14:44:08, MOVE, v:1, k:poo@array, mode:BACK
2025-11-11 21:13:15, MOVE, v:1, k:poo@array, mode:PICK
2025-11-11 21:13:16, EXEC, v:1, k:poo@array, mode:LOCK, rate:0
2025-11-11 21:13:17, EXEC, v:1, k:poo@array, mode:LOCK, rate:0
2025-11-11 21:13:18, EXEC, v:1, k:poo@array, mode:LOCK, rate:0
2025-11-11 21:13:18, EXEC, v:1, k:poo@array, mode:LOCK, rate:0
2025-11-11 21:13:19, EXEC, v:1, k:poo@array, mode:LOCK, rate:0
2025-11-11 21:13:21, MOVE, v:1, k:poo@array, mode:BACK
2025-11-11 22:46:38, MOVE, v:1, k:poo@array, mode:PICK
2025-11-11 22:46:39, EXEC, v:1, k:poo@array, mode:LOCK, rate:0, size:68
2025-11-11 22:46:42, EXEC, v:1, k:poo@array, mode:LOCK, rate:0
2025-11-11 22:46:43, EXEC, v:1, k:poo@array, mode:LOCK, rate:0
2025-11-11 22:46:44, EXEC, v:1, k:poo@array, mode:LOCK, rate:0
2025-11-11 22:47:28, EXEC, v:1, k:poo@array, mode:LOCK, rate:0, size:69
2025-11-11 22:47:28, EXEC, v:1, k:poo@array, mode:LOCK, rate:0, size:69
2025-11-11 22:47:29, EXEC, v:1, k:poo@array, mode:LOCK, rate:0, size:69
2025-11-11 22:48:10, EXEC, v:1, k:poo@array, mode:LOCK, rate:0, size:70
2025-11-11 22:48:10, EXEC, v:1, k:poo@array, mode:LOCK, rate:0
2025-11-11 22:48:11, EXEC, v:1, k:poo@array, mode:LOCK, rate:0
2025-11-11 22:48:20, EXEC, v:1, k:poo@array, mode:LOCK, rate:0, size:70
2025-11-11 22:49:23, EXEC, v:1, k:poo@array, mode:LOCK, rate:0, size:70
2025-11-11 22:49:27, EXEC, v:1, k:poo@array, mode:LOCK, rate:0
2025-11-11 22:49:35, EXEC, v:1, k:poo@array, mode:LOCK, rate:0
2025-11-11 22:51:06, EXEC, v:1, k:poo@array, mode:LOCK, rate:0, size:70
2025-11-11 22:51:07, EXEC, v:1, k:poo@array, mode:LOCK, rate:0
2025-11-11 22:51:10, EXEC, v:1, k:poo@array, mode:LOCK, rate:0
2025-11-11 22:51:18, MOVE, v:1, k:poo@array, mode:BACK
2025-11-11 22:55:13, MOVE, v:1, k:poo@array, mode:PICK
2025-11-11 22:55:14, EXEC, v:1, k:poo@array, mode:LOCK, rate:0, size:70
2025-11-11 22:55:15, EXEC, v:1, k:poo@array, mode:LOCK, rate:0
2025-11-11 22:55:16, EXEC, v:1, k:poo@array, mode:LOCK, rate:0
2025-11-11 22:55:16, EXEC, v:1, k:poo@array, mode:LOCK, rate:0
2025-11-11 22:55:17, EXEC, v:1, k:poo@array, mode:LOCK, rate:0
2025-11-11 22:55:25, EXEC, v:1, k:poo@array, mode:LOCK, rate:0, size:70
2025-11-11 22:55:26, EXEC, v:1, k:poo@array, mode:LOCK, rate:0
2025-11-11 22:55:55, EXEC, v:1, k:poo@array, mode:LOCK, rate:0, size:71
2025-11-11 22:56:07, EXEC, v:1, k:poo@array, mode:LOCK, rate:0, size:71
2025-11-11 22:56:20, EXEC, v:1, k:poo@array, mode:LOCK, rate:0, size:71
2025-11-11 23:00:12, EXEC, v:1, k:poo@array, mode:LOCK, rate:0, size:71
2025-11-11 23:00:27, EXEC, v:1, k:poo@array, mode:LOCK, rate:0, size:71
2025-11-11 23:04:39, EXEC, v:1, k:poo@array, mode:LOCK, rate:0, size:71
2025-11-11 23:04:51, EXEC, v:1, k:poo@array, mode:LOCK, rate:0, size:71
2025-11-11 23:04:52, EXEC, v:1, k:poo@array, mode:LOCK, rate:0
2025-11-11 23:08:24, EXEC, v:1, k:poo@array, mode:LOCK, rate:0, size:71
2025-11-11 23:08:29, MOVE, v:1, k:poo@array, mode:BACK
2025-11-11 23:08:33, MOVE, v:1, k:poo@array, mode:PICK
2025-11-11 23:08:34, EXEC, v:1, k:poo@array, mode:LOCK, rate:0
2025-11-11 23:08:34, EXEC, v:1, k:poo@array, mode:LOCK, rate:0
2025-11-11 23:09:02, EXEC, v:1, k:poo@array, mode:LOCK, rate:0, size:71
2025-11-11 23:09:03, EXEC, v:1, k:poo@array, mode:LOCK, rate:0
2025-11-11 23:09:18, EXEC, v:1, k:poo@array, mode:LOCK, rate:0, size:71
2025-11-11 23:09:19, EXEC, v:1, k:poo@array, mode:LOCK, rate:0
2025-11-11 23:09:27, EXEC, v:1, k:poo@array, mode:LOCK, rate:0, size:71
2025-11-11 23:09:28, EXEC, v:1, k:poo@array, mode:LOCK, rate:0
2025-11-11 23:09:48, EXEC, v:1, k:poo@array, mode:LOCK, rate:0, size:71
2025-11-11 23:09:55, EXEC, v:1, k:poo@array, mode:LOCK, rate:0, size:71
2025-11-11 23:10:05, EXEC, v:1, k:poo@array, mode:LOCK, rate:0, size:71
2025-11-11 23:10:06, EXEC, v:1, k:poo@array, mode:LOCK, rate:0
2025-11-11 23:10:07, EXEC, v:1, k:poo@array, mode:LOCK, rate:0
2025-11-11 23:10:09, EXEC, v:1, k:poo@array, mode:LOCK, rate:0
2025-11-11 23:10:10, EXEC, v:1, k:poo@array, mode:LOCK, rate:0
2025-11-11 23:10:56, EXEC, v:1, k:poo@array, mode:LOCK, rate:0, size:71
2025-11-11 23:11:00, EXEC, v:1, k:poo@array, mode:LOCK, rate:0
2025-11-11 23:11:00, EXEC, v:1, k:poo@array, mode:LOCK, rate:0
2025-11-11 23:11:01, EXEC, v:1, k:poo@array, mode:LOCK, rate:0
2025-11-11 23:11:09, EXEC, v:1, k:poo@array, mode:LOCK, rate:0, size:71
2025-11-11 23:11:10, EXEC, v:1, k:poo@array, mode:LOCK, rate:0
2025-11-11 23:11:11, EXEC, v:1, k:poo@array, mode:LOCK, rate:0
2025-11-11 23:11:11, EXEC, v:1, k:poo@array, mode:LOCK, rate:0
2025-11-11 23:14:05, EXEC, v:1, k:poo@array, mode:LOCK, rate:0, size:71
2025-11-11 23:14:44, EXEC, v:1, k:poo@array, mode:LOCK, rate:0
2025-11-11 23:17:43, EXEC, v:1, k:poo@array, mode:LOCK, rate:0, size:71
2025-11-11 23:18:06, EXEC, v:1, k:poo@array, mode:LOCK, rate:0, size:71
2025-11-11 23:18:13, EXEC, v:1, k:poo@array, mode:LOCK, rate:0
2025-11-11 23:18:13, EXEC, v:1, k:poo@array, mode:LOCK, rate:0
2025-11-11 23:18:28, EXEC, v:1, k:poo@array, mode:LOCK, rate:0, size:71
2025-11-11 23:18:28, EXEC, v:1, k:poo@array, mode:LOCK, rate:0, size:71
2025-11-11 23:18:56, EXEC, v:1, k:poo@array, mode:LOCK, rate:0, size:71
2025-11-11 23:20:00, EXEC, v:1, k:poo@array, mode:LOCK, rate:0, size:71
2025-11-11 23:20:09, EXEC, v:1, k:poo@array, mode:LOCK, rate:0, size:71
2025-11-11 23:20:10, EXEC, v:1, k:poo@array, mode:LOCK, rate:0
2025-11-11 23:20:30, EXEC, v:1, k:poo@array, mode:LOCK, rate:0, size:71
2025-11-11 23:20:37, EXEC, v:1, k:poo@array, mode:LOCK, rate:0, size:71
2025-11-11 23:20:38, EXEC, v:1, k:poo@array, mode:LOCK, rate:0
2025-11-11 23:20:49, EXEC, v:1, k:poo@array, mode:LOCK, rate:0, size:71
2025-11-11 23:20:50, EXEC, v:1, k:poo@array, mode:LOCK, rate:0
2025-11-11 23:20:59, EXEC, v:1, k:poo@array, mode:LOCK, rate:0, size:71
2025-11-11 23:21:00, EXEC, v:1, k:poo@array, mode:LOCK, rate:0
2025-11-11 23:21:05, EXEC, v:1, k:poo@array, mode:LOCK, rate:0, size:71
2025-11-11 23:21:05, EXEC, v:1, k:poo@array, mode:LOCK, rate:0, size:71
2025-11-11 23:22:00, EXEC, v:1, k:poo@array, mode:LOCK, rate:0, size:72
2025-11-11 23:22:09, EXEC, v:1, k:poo@array, mode:LOCK, rate:0, size:72
2025-11-11 23:22:22, EXEC, v:1, k:poo@array, mode:LOCK, rate:0, size:72
2025-11-11 23:22:30, EXEC, v:1, k:poo@array, mode:LOCK, rate:0, size:72
2025-11-11 23:22:48, EXEC, v:1, k:poo@array, mode:LOCK, rate:0, size:74
2025-11-11 23:22:49, EXEC, v:1, k:poo@array, mode:LOCK, rate:0
2025-11-11 23:22:50, EXEC, v:1, k:poo@array, mode:LOCK, rate:0
2025-11-11 23:23:10, EXEC, v:1, k:poo@array, mode:LOCK, rate:0, size:70
2025-11-11 23:23:11, EXEC, v:1, k:poo@array, mode:LOCK, rate:0
2025-11-11 23:25:32, EXEC, v:1, k:poo@array, mode:LOCK, rate:0, size:72
2025-11-11 23:25:34, MOVE, v:1, k:poo@array, mode:BACK
2025-11-11 23:31:44, MOVE, v:1, k:poo@array, mode:PICK
2025-11-11 23:31:45, EXEC, v:1, k:poo@array, mode:LOCK, rate:0, size:73
2025-11-11 23:39:21, EXEC, v:1, k:poo@array, mode:LOCK, rate:0, size:76
2025-11-11 23:39:22, EXEC, v:1, k:poo@array, mode:LOCK, rate:0
2025-11-11 23:39:36, EXEC, v:1, k:poo@array, mode:LOCK, rate:0, size:76
2025-11-11 23:39:37, EXEC, v:1, k:poo@array, mode:LOCK, rate:0
2025-11-11 23:39:38, EXEC, v:1, k:poo@array, mode:LOCK, rate:0
2025-11-11 23:39:46, EXEC, v:1, k:poo@array, mode:LOCK, rate:0, size:76
2025-11-11 23:39:47, EXEC, v:1, k:poo@array, mode:LOCK, rate:0
2025-11-11 23:39:48, EXEC, v:1, k:poo@array, mode:LOCK, rate:0
2025-11-11 23:39:56, EXEC, v:1, k:poo@array, mode:LOCK, rate:0, size:76
2025-11-11 23:40:06, EXEC, v:1, k:poo@array, mode:LOCK, rate:0, size:76
2025-11-11 23:40:07, EXEC, v:1, k:poo@array, mode:LOCK, rate:0
2025-11-11 23:40:15, EXEC, v:1, k:poo@array, mode:LOCK, rate:0, size:76
2025-11-11 23:40:15, EXEC, v:1, k:poo@array, mode:LOCK, rate:0, size:76
2025-11-11 23:40:26, EXEC, v:1, k:poo@array, mode:LOCK, rate:0, size:76
2025-11-11 23:40:26, EXEC, v:1, k:poo@array, mode:LOCK, rate:0, size:76
2025-11-11 23:40:27, EXEC, v:1, k:poo@array, mode:LOCK, rate:0, size:76
2025-11-11 23:40:35, EXEC, v:1, k:poo@array, mode:LOCK, rate:0, size:76
2025-11-11 23:40:36, EXEC, v:1, k:poo@array, mode:LOCK, rate:0
2025-11-11 23:40:43, EXEC, v:1, k:poo@array, mode:LOCK, rate:0, size:76
2025-11-11 23:40:44, EXEC, v:1, k:poo@array, mode:LOCK, rate:0
2025-11-11 23:40:52, EXEC, v:1, k:poo@array, mode:LOCK, rate:0, size:76
2025-11-11 23:40:54, EXEC, v:1, k:poo@array, mode:LOCK, rate:0
2025-11-11 23:40:58, EXEC, v:1, k:poo@array, mode:LOCK, rate:0
2025-11-11 23:41:20, EXEC, v:1, k:poo@array, mode:LOCK, rate:0, size:76
2025-11-11 23:41:21, EXEC, v:1, k:poo@array, mode:LOCK, rate:0
2025-11-11 23:41:39, EXEC, v:1, k:poo@array, mode:LOCK, rate:0, size:76
2025-11-11 23:41:40, EXEC, v:1, k:poo@array, mode:LOCK, rate:0
2025-11-11 23:41:46, EXEC, v:1, k:poo@array, mode:LOCK, rate:0, size:76
2025-11-11 23:42:36, EXEC, v:1, k:poo@array, mode:LOCK, rate:0, size:78
2025-11-11 23:42:37, EXEC, v:1, k:poo@array, mode:LOCK, rate:0
2025-11-11 23:42:46, EXEC, v:1, k:poo@array, mode:LOCK, rate:0, size:78
2025-11-11 23:42:47, EXEC, v:1, k:poo@array, mode:LOCK, rate:0
2025-11-11 23:42:59, EXEC, v:1, k:poo@array, mode:LOCK, rate:0, size:78
2025-11-11 23:43:00, EXEC, v:1, k:poo@array, mode:LOCK, rate:0
2025-11-11 23:43:00, EXEC, v:1, k:poo@array, mode:LOCK, rate:0
2025-11-11 23:43:01, EXEC, v:1, k:poo@array, mode:LOCK, rate:0
2025-11-11 23:44:49, EXEC, v:1, k:poo@array, mode:LOCK, rate:0, size:83
2025-11-11 23:52:08, EXEC, v:1, k:poo@array, mode:LOCK, rate:0, size:83
2025-11-11 23:52:10, EXEC, v:1, k:poo@array, mode:LOCK, rate:0
2025-11-11 23:52:17, EXEC, v:1, k:poo@array, mode:LOCK, rate:0, size:83
2025-11-11 23:52:17, EXEC, v:1, k:poo@array, mode:LOCK, rate:0, size:83
2025-11-11 23:58:19, EXEC, v:1, k:poo@array, mode:LOCK, rate:0, size:82
2025-11-11 23:58:27, EXEC, v:1, k:poo@array, mode:LOCK, rate:0, size:82
